<?xml version="1.0" encoding="UTF-8"?>
<!-- Generated by org.testng.reporters.JUnitReportReporter -->
<testsuite hostname="DESKTOP-TR5ELL5" name="HW4.tests.LoginTests" tests="4" failures="0" timestamp="16 Dec 2016 09:59:38 GMT" time="8.503" errors="0">
  <testcase name="positiveLoginTest" time="3.270" classname="HW4.tests.LoginTests"/>
  <testcase name="negativeLoginTest" time="2.093" classname="HW4.tests.LoginTests"/>
  <testcase name="negativeTestEmptyFields" time="1.521" classname="HW4.tests.LoginTests"/>
  <testcase name="negativeTestWrongLogin" time="1.619" classname="HW4.tests.LoginTests"/>
</testsuite> <!-- HW4.tests.LoginTests -->
