<?xml version="1.0" encoding="UTF-8"?>
<!-- Generated by org.testng.reporters.JUnitReportReporter -->
<testsuite hostname="DESKTOP-TR5ELL5" name="HW4.tests.SearchTest" tests="5" failures="0" timestamp="16 Dec 2016 11:53:17 GMT" time="30.671" errors="0">
  <testcase name="positiveSearchByFirstNameTest" time="3.877" classname="HW4.tests.SearchTest"/>
  <testcase name="positiveSearchByUsernameTest" time="3.966" classname="HW4.tests.SearchTest"/>
  <testcase name="negativeSearchByLastNameTest" time="15.135" classname="HW4.tests.SearchTest"/>
  <testcase name="positiveSearchByEmailTest" time="3.879" classname="HW4.tests.SearchTest"/>
  <testcase name="positiveSearchByLastNameTest" time="3.814" classname="HW4.tests.SearchTest"/>
</testsuite> <!-- HW4.tests.SearchTest -->
