<?xml version="1.0" encoding="UTF-8"?>
<!-- Generated by org.testng.reporters.JUnitReportReporter -->
<testsuite hostname="DESKTOP-TR5ELL5" name="HW4.tests.LoginTests" tests="4" failures="0" timestamp="16 Dec 2016 11:53:17 GMT" time="7.567" errors="0">
  <testcase name="positiveLoginTest" time="2.919" classname="HW4.tests.LoginTests"/>
  <testcase name="negativeTestEmptyFields" time="1.271" classname="HW4.tests.LoginTests"/>
  <testcase name="negativeTestWrongLogin" time="1.817" classname="HW4.tests.LoginTests"/>
  <testcase name="negativeLoginTest" time="1.560" classname="HW4.tests.LoginTests"/>
</testsuite> <!-- HW4.tests.LoginTests -->
