<?xml version="1.0" encoding="UTF-8"?>
<!-- Generated by org.testng.reporters.JUnitReportReporter -->
<testsuite hostname="DESKTOP-TR5ELL5" name="HW4.tests.DragDroppTest" tests="3" failures="0" timestamp="16 Dec 2016 10:03:01 GMT" time="27.733" errors="0">
  <testcase name="dragAndDropTest" time="2.373" classname="HW4.tests.DragDroppTest"/>
  <testcase name="dragSortReverseTest" time="18.298" classname="HW4.tests.DragDroppTest"/>
  <testcase name="dragSortTest" time="7.062" classname="HW4.tests.DragDroppTest"/>
</testsuite> <!-- HW4.tests.DragDroppTest -->
