<?xml version="1.0" encoding="UTF-8"?>
<!-- Generated by org.testng.reporters.JUnitReportReporter -->
<testsuite hostname="DESKTOP-TR5ELL5" name="HW4.tests.DragDroppTest" tests="3" failures="0" timestamp="16 Dec 2016 11:53:17 GMT" time="28.673" errors="0">
  <testcase name="dragSortReverseTest" time="21.703" classname="HW4.tests.DragDroppTest"/>
  <testcase name="dragAndDropTest" time="2.532" classname="HW4.tests.DragDroppTest"/>
  <testcase name="dragSortTest" time="4.438" classname="HW4.tests.DragDroppTest"/>
</testsuite> <!-- HW4.tests.DragDroppTest -->
